2021-05-25 19:04:59:459 [31merror[39m: [31mThis is an error log[39m
2021-05-25 19:06:07:67 [31merror[39m: [31mThis is an error log[39m
2021-05-26 11:30:52:3052 [31merror[39m: [31mThis is an error log[39m
2021-05-26 11:33:12:3312 [31merror[39m: [31mThis is an error log[39m
2021-05-26 11:35:33:3533 [31merror[39m: [31mThis is an error log[39m
2021-05-26 11:37:31:3731 [31merror[39m: [31mThis is an error log[39m
2021-05-26 11:38:05:385 [31merror[39m: [31mThis is an error log[39m
2021-05-26 11:39:02:392 [31merror[39m: [31mThis is an error log[39m
2021-05-26 11:40:06:406 [31merror[39m: [31mThis is an error log[39m
2021-05-26 11:40:41:4041 [31merror[39m: [31mThis is an error log[39m
2021-05-26 11:41:52:4152 [31merror[39m: [31mThis is an error log[39m
2021-05-26 11:43:06:436 [31merror[39m: [31mThis is an error log[39m
2021-05-26 11:44:20:4420 [31merror[39m: [31mThis is an error log[39m
2021-05-26 11:45:36:4536 [31merror[39m: [31mThis is an error log[39m
2021-05-26 11:48:18:4818 [31merror[39m: [31mThis is an error log[39m
2021-05-26 11:50:52:5052 [31merror[39m: [31mThis is an error log[39m
2021-05-26 11:52:00:520 [31merror[39m: [31mThis is an error log[39m
2021-05-26 11:52:42:5242 [31merror[39m: [31mThis is an error log[39m
2021-05-26 11:53:40:5340 [31merror[39m: [31mThis is an error log[39m
2021-05-26 11:54:19:5419 [31merror[39m: [31mThis is an error log[39m
2021-05-26 11:55:15:5515 [31merror[39m: [31mThis is an error log[39m
2021-05-26 11:56:24:5624 [31merror[39m: [31mThis is an error log[39m
2021-05-26 11:56:49:5649 [31merror[39m: [31mThis is an error log[39m
2021-05-26 11:57:23:5723 [31merror[39m: [31mThis is an error log[39m
2021-05-26 11:58:34:5834 [31merror[39m: [31mThis is an error log[39m
2021-05-26 12:00:51:051 [31merror[39m: [31mThis is an error log[39m
2021-05-26 12:04:25:425 [31merror[39m: [31mThis is an error log[39m
2021-05-26 12:05:50:550 [31merror[39m: [31mThis is an error log[39m
2021-05-26 12:05:59:559 [31merror[39m: [31mThis is an error log[39m
2021-05-26 12:08:00:80 [31merror[39m: [31mThis is an error log[39m
2021-05-26 12:16:28:1628 [31merror[39m: [31mThis is an error log[39m
2021-05-26 12:18:31:1831 [31merror[39m: [31mThis is an error log[39m
2021-05-26 12:18:56:1856 [31merror[39m: [31mThis is an error log[39m
2021-05-26 12:21:35:2135 [31merror[39m: [31mThis is an error log[39m
2021-05-26 12:24:39:2439 [31merror[39m: [31mThis is an error log[39m
2021-05-26 12:25:17:2517 [31merror[39m: [31mThis is an error log[39m
2021-05-26 12:26:05:265 [31merror[39m: [31mThis is an error log[39m
2021-05-26 12:29:52:2952 [31merror[39m: [31mThis is an error log[39m
2021-05-26 12:30:41:3041 [31merror[39m: [31mThis is an error log[39m
2021-05-26 12:31:07:317 [31merror[39m: [31mThis is an error log[39m
2021-05-26 12:31:53:3153 [31merror[39m: [31mThis is an error log[39m
2021-05-26 12:35:06:356 [31merror[39m: [31mValidationError: "firstName" is required. "lastName" is required. "firstName1" is not allowed. "lastName1" is not allowed[39m
2021-05-26 12:35:06:356 [31merror[39m: [31mValidationError: "firstName" is required. "lastName" is required. "firstName1" is not allowed. "lastName1" is not allowed[39m
2021-05-26 13:42:48:4248 [31merror[39m: [31mValidationError: "firstName" is required. "lastName" is required. "firstName1" is not allowed. "lastName1" is not allowed[39m
2021-05-26 13:49:54:4954 [31merror[39m: [31mValidationError: "password" must be a string[39m
2021-05-26 14:43:50:4350 [31merror[39m: [31mUser not found[39m
2021-05-26 14:48:33:4833 [31merror[39m: [31mValidationError: "firstName" is required. "lastName" is required[39m
2021-05-26 15:14:14:1414 [31merror[39m: [31mEmail already in use[39m
2021-05-26 15:14:18:1418 [31merror[39m: [31mEmail already in use[39m
2021-05-26 15:14:22:1422 [31merror[39m: [31mEmail already in use[39m
2021-05-26 15:15:55:1555 [31merror[39m: [31mEmail already in use[39m
2021-05-26 15:16:06:166 [31merror[39m: [31mEmail already in use[39m
2021-05-26 15:16:40:1640 [31merror[39m: [31mEmail already in use[39m
2021-05-26 15:16:47:1647 [31merror[39m: [31mEmail already in use[39m
2021-05-26 15:17:48:1748 [31merror[39m: [31mEmail already in use[39m
2021-05-26 15:17:51:1751 [31merror[39m: [31mEmail already in use[39m
2021-05-26 15:18:25:1825 [31merror[39m: [31mEmail already in use[39m
2021-05-26 15:18:28:1828 [31merror[39m: [31mEmail already in use[39m
2021-05-26 15:18:35:1835 [31merror[39m: [31mEmail already in use[39m
2021-05-26 15:20:46:2046 [31merror[39m: [31mEmail already in use[39m
2021-05-26 15:20:52:2052 [31merror[39m: [31mEmail already in use[39m
2021-05-26 15:20:53:2053 [31merror[39m: [31mEmail already in use[39m
2021-05-26 15:21:00:210 [31merror[39m: [31mEmail already in use[39m
2021-05-26 16:00:55:055 [31merror[39m: [31mInvalid token[39m
2021-05-26 16:01:00:10 [31merror[39m: [31mToken not available[39m
2021-05-26 16:01:03:13 [31merror[39m: [31mInvalid token[39m
2021-05-26 16:01:17:117 [31merror[39m: [31mInvalid token[39m
2021-05-26 16:02:12:212 [31merror[39m: [31mInvalid token[39m
2021-05-26 16:05:42:542 [31merror[39m: [31mToken not available[39m
2021-05-26 16:05:45:545 [31merror[39m: [31mToken not available[39m
2021-05-26 16:05:46:546 [31merror[39m: [31mToken not available[39m
2021-05-26 16:05:47:547 [31merror[39m: [31mToken not available[39m
2021-05-26 16:05:57:557 [31merror[39m: [31mToken not available[39m
2021-05-26 16:05:58:558 [31merror[39m: [31mToken not available[39m
2021-05-26 16:05:59:559 [31merror[39m: [31mToken not available[39m
2021-05-26 16:06:16:616 [31merror[39m: [31mToken not available[39m
2021-05-26 16:06:17:617 [31merror[39m: [31mToken not available[39m
2021-05-26 16:06:37:637 [31merror[39m: [31mToken not available[39m
2021-05-26 16:07:27:727 [31merror[39m: [31mToken not available[39m
2021-05-26 16:07:43:743 [31merror[39m: [31mToken not available[39m
2021-05-26 16:09:56:956 [31merror[39m: [31mInvalid token[39m
2021-05-26 16:22:04:224 [31merror[39m: [31mToken not available[39m
2021-05-26 16:22:12:2212 [31merror[39m: [31mInvalid token[39m
2021-05-26 18:26:24:2624 [31merror[39m: [31mUser not exist[39m
2021-05-26 18:32:26:3226 [31merror[39m: [31mUser not exist[39m
2021-05-26 18:33:19:3319 [31merror[39m: [31mUser not exist[39m
2021-05-26 18:33:49:3349 [31merror[39m: [31mValidationError: "email" must be a valid email[39m
2021-05-26 18:34:41:3441 [31merror[39m: [31mUser not exist[39m
2021-05-26 18:35:17:3517 [31merror[39m: [31mEmail already in use[39m
2021-05-26 18:51:44:5144 [31merror[39m: [31mUser not exist[39m
2021-05-26 18:52:07:527 [31merror[39m: [31mEmail already in use[39m
2021-05-26 18:52:07:527 [31merror[39m: [31mUser not exist[39m
2021-05-26 18:53:28:5328 [31merror[39m: [31mUser not exist[39m
2021-05-26 18:53:28:5328 [31merror[39m: [31mEmail already in use[39m
2021-05-26 18:54:09:549 [31merror[39m: [31mUser not exist[39m
2021-05-26 18:55:37:5537 [31merror[39m: [31mUser not exist[39m
2021-05-26 18:56:18:5618 [31merror[39m: [31mUser not exist[39m
2021-05-26 18:57:03:573 [31merror[39m: [31mUser not exist[39m
2021-05-26 19:00:52:052 [31merror[39m: [31mUser not exist[39m
2021-05-26 19:05:49:549 [31merror[39m: [31mEmail already in use[39m
2021-05-26 19:05:49:549 [31merror[39m: [31mUser not exist[39m
2021-05-26 19:06:38:638 [31merror[39m: [31mUser not exist[39m
2021-05-26 19:08:38:838 [31merror[39m: [31mUser not exist[39m
2021-05-27 11:34:20:3420 [31merror[39m: [31mValidationError: "email" is required. "password" is required. "firstName" is required. "lastName" is required[39m
2021-05-27 11:34:38:3438 [31merror[39m: [31mValidationError: "email" is required. "password" is required. "firstName" is required. "lastName" is required[39m
2021-05-27 11:34:46:3446 [31merror[39m: [31mValidationError: "email" is required. "password" is required. "firstName" is required. "lastName" is required[39m
2021-05-27 12:11:18:1118 [31merror[39m: [31mFile not fount[39m
2021-05-27 12:11:35:1135 [31merror[39m: [31mFile not found[39m
